2025-04-23 16:27:32,602 INFO o.a.j.u.JMeterUtils: Setting Locale to en_EN
2025-04-23 16:27:32,610 INFO o.a.j.JMeter: Loading user properties from: user.properties
2025-04-23 16:27:32,610 INFO o.a.j.JMeter: Loading system properties from: system.properties
2025-04-23 16:27:32,615 INFO o.a.j.JMeter: Copyright (c) 1998-2024 The Apache Software Foundation
2025-04-23 16:27:32,615 INFO o.a.j.JMeter: Version 5.6.3
2025-04-23 16:27:32,615 INFO o.a.j.JMeter: java.version=24.0.1
2025-04-23 16:27:32,615 INFO o.a.j.JMeter: java.vm.name=Java HotSpot(TM) 64-Bit Server VM
2025-04-23 16:27:32,615 INFO o.a.j.JMeter: os.name=Windows 11
2025-04-23 16:27:32,615 INFO o.a.j.JMeter: os.arch=amd64
2025-04-23 16:27:32,615 INFO o.a.j.JMeter: os.version=10.0
2025-04-23 16:27:32,615 INFO o.a.j.JMeter: file.encoding=UTF-8
2025-04-23 16:27:32,615 INFO o.a.j.JMeter: java.awt.headless=null
2025-04-23 16:27:32,615 INFO o.a.j.JMeter: Max memory     =1073741824
2025-04-23 16:27:32,615 INFO o.a.j.JMeter: Available Processors =24
2025-04-23 16:27:32,622 INFO o.a.j.JMeter: Default Locale=English (EN)
2025-04-23 16:27:32,622 INFO o.a.j.JMeter: JMeter  Locale=English (EN)
2025-04-23 16:27:32,622 INFO o.a.j.JMeter: JMeterHome=C:\Git\qowl-demo-jmeter
2025-04-23 16:27:32,622 INFO o.a.j.JMeter: user.dir  =C:\Git\qowl-demo-jmeter\bin
2025-04-23 16:27:32,622 INFO o.a.j.JMeter: PWD       =C:\Git\qowl-demo-jmeter\bin
2025-04-23 16:27:32,623 INFO o.a.j.JMeter: IP: 10.0.0.7 Name: i7-13700K FullName: i7-13700K
2025-04-23 16:27:32,628 INFO o.a.j.JMeter: Loaded icon properties from org/apache/jmeter/images/icon.properties
2025-04-23 16:27:32,711 INFO o.a.j.JMeterGuiLauncher: Setting LAF to: com.github.weisj.darklaf.DarkLaf:com.github.weisj.darklaf.theme.DarculaTheme
2025-04-23 16:27:41,456 INFO o.a.j.s.FileServer: Default base='C:\Git\qowl-demo-jmeter\bin'
2025-04-23 16:27:41,458 INFO o.a.j.g.a.Load: Loading file: C:\Git\qowl-demo-jmeter\test_plans\demo-test-plan.jmx
2025-04-23 16:27:41,458 INFO o.a.j.s.FileServer: Set new base='C:\Git\qowl-demo-jmeter\test_plans'
2025-04-23 16:27:41,603 INFO o.a.j.s.SaveService: Testplan (JMX) version: 2.2. Testlog (JTL) version: 2.2
2025-04-23 16:27:41,620 INFO o.a.j.s.SaveService: Using SaveService properties version 5.0
2025-04-23 16:27:41,622 INFO o.a.j.s.SaveService: Using SaveService properties file encoding UTF-8
2025-04-23 16:27:41,623 INFO o.a.j.s.SaveService: Loading file: C:\Git\qowl-demo-jmeter\test_plans\demo-test-plan.jmx
2025-04-23 16:27:41,646 INFO o.a.j.p.h.s.HTTPSamplerBase: Parser for text/html is org.apache.jmeter.protocol.http.parser.LagartoBasedHtmlParser
2025-04-23 16:27:41,646 INFO o.a.j.p.h.s.HTTPSamplerBase: Parser for application/xhtml+xml is org.apache.jmeter.protocol.http.parser.LagartoBasedHtmlParser
2025-04-23 16:27:41,646 INFO o.a.j.p.h.s.HTTPSamplerBase: Parser for application/xml is org.apache.jmeter.protocol.http.parser.LagartoBasedHtmlParser
2025-04-23 16:27:41,647 INFO o.a.j.p.h.s.HTTPSamplerBase: Parser for text/xml is org.apache.jmeter.protocol.http.parser.LagartoBasedHtmlParser
2025-04-23 16:27:41,647 INFO o.a.j.p.h.s.HTTPSamplerBase: Parser for text/vnd.wap.wml is org.apache.jmeter.protocol.http.parser.RegexpHTMLParser
2025-04-23 16:27:41,647 INFO o.a.j.p.h.s.HTTPSamplerBase: Parser for text/css is org.apache.jmeter.protocol.http.parser.CssParser
2025-04-23 16:27:41,729 INFO o.a.j.s.SampleResult: Note: Sample TimeStamps are START times
2025-04-23 16:27:41,729 INFO o.a.j.s.SampleResult: sampleresult.default.encoding is set to UTF-8
2025-04-23 16:27:41,729 INFO o.a.j.s.SampleResult: sampleresult.useNanoTime=true
2025-04-23 16:27:41,729 INFO o.a.j.s.SampleResult: sampleresult.nanoThreadSleep=5000
2025-04-23 16:27:41,840 INFO o.a.j.s.FileServer: Set new base='C:\Git\qowl-demo-jmeter\test_plans'
2025-04-23 16:28:39,427 INFO o.a.j.e.StandardJMeterEngine: Running the test!
2025-04-23 16:28:39,427 INFO o.a.j.s.SampleEvent: List of sample_variables: []
2025-04-23 16:28:39,427 INFO o.a.j.s.SampleEvent: List of sample_variables: []
2025-04-23 16:28:39,428 INFO o.a.j.e.u.CompoundVariable: Note: Function class names must contain the string: '.functions.'
2025-04-23 16:28:39,428 INFO o.a.j.e.u.CompoundVariable: Note: Function class names must not contain the string: '.gui.'
2025-04-23 16:28:39,450 INFO o.a.j.g.u.JMeterMenuBar: setRunning(true, *local*)
2025-04-23 16:28:39,467 INFO o.a.j.e.StandardJMeterEngine: Starting ThreadGroup: 1 : Thread Group
2025-04-23 16:28:39,467 INFO o.a.j.e.StandardJMeterEngine: Starting 4 threads for group Thread Group.
2025-04-23 16:28:39,467 INFO o.a.j.e.StandardJMeterEngine: Thread will continue on error
2025-04-23 16:28:39,467 INFO o.a.j.t.ThreadGroup: Starting thread group... number=1 threads=4 ramp-up=1 delayedStart=false
2025-04-23 16:28:39,469 INFO o.a.j.t.ThreadGroup: Started thread group number 1
2025-04-23 16:28:39,469 INFO o.a.j.e.StandardJMeterEngine: All thread groups have been started
2025-04-23 16:28:39,469 INFO o.a.j.t.JMeterThread: Thread started: Thread Group 1-1
2025-04-23 16:28:39,474 INFO o.a.j.p.h.s.HTTPHCAbstractImpl: Local host = i7-13700K
2025-04-23 16:28:39,478 INFO o.a.j.p.h.s.HTTPHC4Impl: HTTP request retry count = 0
2025-04-23 16:28:39,517 INFO o.a.j.p.h.s.h.LazyLayeredConnectionSocketFactory: Setting up HTTPS TrustAll Socket Factory
2025-04-23 16:28:39,519 INFO o.a.j.u.JsseSSLManager: Using default SSL protocol: TLS
2025-04-23 16:28:39,519 INFO o.a.j.u.JsseSSLManager: SSL session context: per-thread
2025-04-23 16:28:39,570 INFO o.a.j.u.SSLManager: JmeterKeyStore Location:  type JKS
2025-04-23 16:28:39,572 INFO o.a.j.u.SSLManager: KeyStore created OK
2025-04-23 16:28:39,572 WARN o.a.j.u.SSLManager: Keystore file not found, loading empty keystore
2025-04-23 16:28:39,719 INFO o.a.j.t.JMeterThread: Thread started: Thread Group 1-2
2025-04-23 16:28:39,747 INFO o.a.j.t.JMeterThread: Thread is done: Thread Group 1-1
2025-04-23 16:28:39,747 INFO o.a.j.t.JMeterThread: Thread finished: Thread Group 1-1
2025-04-23 16:28:39,813 INFO o.a.j.t.JMeterThread: Thread is done: Thread Group 1-2
2025-04-23 16:28:39,813 INFO o.a.j.t.JMeterThread: Thread finished: Thread Group 1-2
2025-04-23 16:28:39,969 INFO o.a.j.t.JMeterThread: Thread started: Thread Group 1-3
2025-04-23 16:28:40,074 INFO o.a.j.t.JMeterThread: Thread is done: Thread Group 1-3
2025-04-23 16:28:40,074 INFO o.a.j.t.JMeterThread: Thread finished: Thread Group 1-3
2025-04-23 16:28:40,218 INFO o.a.j.t.JMeterThread: Thread started: Thread Group 1-4
2025-04-23 16:28:40,352 INFO o.a.j.t.JMeterThread: Thread is done: Thread Group 1-4
2025-04-23 16:28:40,352 INFO o.a.j.t.JMeterThread: Thread finished: Thread Group 1-4
2025-04-23 16:28:40,353 INFO o.a.j.e.StandardJMeterEngine: Notifying test listeners of end of test
2025-04-23 16:28:40,353 INFO o.a.j.g.u.JMeterMenuBar: setRunning(false, *local*)
2025-04-23 16:29:40,031 INFO o.a.j.e.StandardJMeterEngine: Running the test!
2025-04-23 16:29:40,031 INFO o.a.j.s.SampleEvent: List of sample_variables: []
2025-04-23 16:29:40,032 INFO o.a.j.g.u.JMeterMenuBar: setRunning(true, *local*)
2025-04-23 16:29:40,052 INFO o.a.j.e.StandardJMeterEngine: Starting ThreadGroup: 1 : Service: 'reqres.in'
2025-04-23 16:29:40,052 INFO o.a.j.e.StandardJMeterEngine: Starting 4 threads for group Service: 'reqres.in'.
2025-04-23 16:29:40,052 INFO o.a.j.e.StandardJMeterEngine: Thread will continue on error
2025-04-23 16:29:40,052 INFO o.a.j.t.ThreadGroup: Starting thread group... number=1 threads=4 ramp-up=1 delayedStart=false
2025-04-23 16:29:40,053 INFO o.a.j.t.ThreadGroup: Started thread group number 1
2025-04-23 16:29:40,053 INFO o.a.j.e.StandardJMeterEngine: All thread groups have been started
2025-04-23 16:29:40,053 INFO o.a.j.t.JMeterThread: Thread started: Service: 'reqres.in' 1-1
2025-04-23 16:29:40,151 INFO o.a.j.t.JMeterThread: Thread is done: Service: 'reqres.in' 1-1
2025-04-23 16:29:40,151 INFO o.a.j.t.JMeterThread: Thread finished: Service: 'reqres.in' 1-1
2025-04-23 16:29:40,303 INFO o.a.j.t.JMeterThread: Thread started: Service: 'reqres.in' 1-2
2025-04-23 16:29:40,401 INFO o.a.j.t.JMeterThread: Thread is done: Service: 'reqres.in' 1-2
2025-04-23 16:29:40,401 INFO o.a.j.t.JMeterThread: Thread finished: Service: 'reqres.in' 1-2
2025-04-23 16:29:40,553 INFO o.a.j.t.JMeterThread: Thread started: Service: 'reqres.in' 1-3
2025-04-23 16:29:40,650 INFO o.a.j.t.JMeterThread: Thread is done: Service: 'reqres.in' 1-3
2025-04-23 16:29:40,650 INFO o.a.j.t.JMeterThread: Thread finished: Service: 'reqres.in' 1-3
2025-04-23 16:29:40,804 INFO o.a.j.t.JMeterThread: Thread started: Service: 'reqres.in' 1-4
2025-04-23 16:29:40,900 INFO o.a.j.t.JMeterThread: Thread is done: Service: 'reqres.in' 1-4
2025-04-23 16:29:40,901 INFO o.a.j.t.JMeterThread: Thread finished: Service: 'reqres.in' 1-4
2025-04-23 16:29:40,901 INFO o.a.j.e.StandardJMeterEngine: Notifying test listeners of end of test
2025-04-23 16:29:40,902 INFO o.a.j.g.u.JMeterMenuBar: setRunning(false, *local*)
2025-04-23 16:31:09,752 INFO o.a.j.e.StandardJMeterEngine: Running the test!
2025-04-23 16:31:09,752 INFO o.a.j.s.SampleEvent: List of sample_variables: []
2025-04-23 16:31:09,753 INFO o.a.j.g.u.JMeterMenuBar: setRunning(true, *local*)
2025-04-23 16:31:09,773 INFO o.a.j.e.StandardJMeterEngine: Starting ThreadGroup: 1 : Service: 'reqres.in'
2025-04-23 16:31:09,774 INFO o.a.j.e.StandardJMeterEngine: Starting 4 threads for group Service: 'reqres.in'.
2025-04-23 16:31:09,774 INFO o.a.j.e.StandardJMeterEngine: Thread will continue on error
2025-04-23 16:31:09,774 INFO o.a.j.t.ThreadGroup: Starting thread group... number=1 threads=4 ramp-up=1 delayedStart=false
2025-04-23 16:31:09,774 INFO o.a.j.t.ThreadGroup: Started thread group number 1
2025-04-23 16:31:09,774 INFO o.a.j.e.StandardJMeterEngine: All thread groups have been started
2025-04-23 16:31:09,774 INFO o.a.j.t.JMeterThread: Thread started: Service: 'reqres.in' 1-1
2025-04-23 16:31:09,913 INFO o.a.j.t.JMeterThread: Thread is done: Service: 'reqres.in' 1-1
2025-04-23 16:31:09,913 INFO o.a.j.t.JMeterThread: Thread finished: Service: 'reqres.in' 1-1
2025-04-23 16:31:10,025 INFO o.a.j.t.JMeterThread: Thread started: Service: 'reqres.in' 1-2
2025-04-23 16:31:10,172 INFO o.a.j.t.JMeterThread: Thread is done: Service: 'reqres.in' 1-2
2025-04-23 16:31:10,173 INFO o.a.j.t.JMeterThread: Thread finished: Service: 'reqres.in' 1-2
2025-04-23 16:31:10,275 INFO o.a.j.t.JMeterThread: Thread started: Service: 'reqres.in' 1-3
2025-04-23 16:31:10,472 INFO o.a.j.t.JMeterThread: Thread is done: Service: 'reqres.in' 1-3
2025-04-23 16:31:10,473 INFO o.a.j.t.JMeterThread: Thread finished: Service: 'reqres.in' 1-3
2025-04-23 16:31:10,525 INFO o.a.j.t.JMeterThread: Thread started: Service: 'reqres.in' 1-4
2025-04-23 16:31:10,666 INFO o.a.j.t.JMeterThread: Thread is done: Service: 'reqres.in' 1-4
2025-04-23 16:31:10,666 INFO o.a.j.t.JMeterThread: Thread finished: Service: 'reqres.in' 1-4
2025-04-23 16:31:10,666 INFO o.a.j.e.StandardJMeterEngine: Notifying test listeners of end of test
2025-04-23 16:31:10,666 INFO o.a.j.g.u.JMeterMenuBar: setRunning(false, *local*)
2025-04-23 16:31:22,325 INFO o.a.j.e.StandardJMeterEngine: Running the test!
2025-04-23 16:31:22,325 INFO o.a.j.s.SampleEvent: List of sample_variables: []
2025-04-23 16:31:22,325 INFO o.a.j.g.u.JMeterMenuBar: setRunning(true, *local*)
2025-04-23 16:31:22,343 INFO o.a.j.e.StandardJMeterEngine: Starting ThreadGroup: 1 : Service: 'reqres.in'
2025-04-23 16:31:22,343 INFO o.a.j.e.StandardJMeterEngine: Starting 4 threads for group Service: 'reqres.in'.
2025-04-23 16:31:22,343 INFO o.a.j.e.StandardJMeterEngine: Thread will continue on error
2025-04-23 16:31:22,343 INFO o.a.j.t.ThreadGroup: Starting thread group... number=1 threads=4 ramp-up=1 delayedStart=false
2025-04-23 16:31:22,344 INFO o.a.j.t.ThreadGroup: Started thread group number 1
2025-04-23 16:31:22,344 INFO o.a.j.e.StandardJMeterEngine: All thread groups have been started
2025-04-23 16:31:22,344 INFO o.a.j.t.JMeterThread: Thread started: Service: 'reqres.in' 1-1
2025-04-23 16:31:22,489 INFO o.a.j.t.JMeterThread: Thread is done: Service: 'reqres.in' 1-1
2025-04-23 16:31:22,489 INFO o.a.j.t.JMeterThread: Thread finished: Service: 'reqres.in' 1-1
2025-04-23 16:31:22,594 INFO o.a.j.t.JMeterThread: Thread started: Service: 'reqres.in' 1-2
2025-04-23 16:31:22,739 INFO o.a.j.t.JMeterThread: Thread is done: Service: 'reqres.in' 1-2
2025-04-23 16:31:22,739 INFO o.a.j.t.JMeterThread: Thread finished: Service: 'reqres.in' 1-2
2025-04-23 16:31:22,844 INFO o.a.j.t.JMeterThread: Thread started: Service: 'reqres.in' 1-3
2025-04-23 16:31:22,991 INFO o.a.j.t.JMeterThread: Thread is done: Service: 'reqres.in' 1-3
2025-04-23 16:31:22,991 INFO o.a.j.t.JMeterThread: Thread finished: Service: 'reqres.in' 1-3
2025-04-23 16:31:23,095 INFO o.a.j.t.JMeterThread: Thread started: Service: 'reqres.in' 1-4
2025-04-23 16:31:23,237 INFO o.a.j.t.JMeterThread: Thread is done: Service: 'reqres.in' 1-4
2025-04-23 16:31:23,237 INFO o.a.j.t.JMeterThread: Thread finished: Service: 'reqres.in' 1-4
2025-04-23 16:31:23,238 INFO o.a.j.e.StandardJMeterEngine: Notifying test listeners of end of test
2025-04-23 16:31:23,238 INFO o.a.j.g.u.JMeterMenuBar: setRunning(false, *local*)
